  GuiRenderer.cpp
c:\program files (x86)\windows kits\10\include\10.0.17134.0\shared\minwindef.h(130): warning C4005: 'APIENTRY': macro redefinition
  c:\code\engine\open_gl\dep\inc\glfw3.h(98): note: see previous definition of 'APIENTRY'
c:\code\engine\open_gl\project2\src\manager\terrainmanager.h(67): warning C4018: '<': signed/unsigned mismatch
c:\code\engine\open_gl\project2\src\gui\guirenderer.cpp(17): warning C4018: '<': signed/unsigned mismatch
c:\code\engine\open_gl\project2\src\gui\guirenderer.cpp(27): warning C4018: '<': signed/unsigned mismatch
  Widgets.cpp
c:\program files (x86)\windows kits\10\include\10.0.17134.0\shared\minwindef.h(130): warning C4005: 'APIENTRY': macro redefinition
  c:\code\engine\open_gl\dep\inc\glfw3.h(98): note: see previous definition of 'APIENTRY'
c:\code\engine\open_gl\project2\src\manager\terrainmanager.h(67): warning C4018: '<': signed/unsigned mismatch
c:\code\engine\open_gl\project2\src\gui\widgets.cpp(63): warning C4244: 'argument': conversion from 'double' to 'float', possible loss of data
c:\code\engine\open_gl\project2\src\gui\widgets.cpp(64): warning C4244: 'argument': conversion from 'double' to 'float', possible loss of data
c:\code\engine\open_gl\project2\src\gui\widgets.cpp(65): warning C4244: 'argument': conversion from 'double' to 'float', possible loss of data
  TimeTester.cpp
c:\code\engine\open_gl\project2\src\kernel\timetester.cpp(8): warning C4018: '<': signed/unsigned mismatch
c:\code\engine\open_gl\project2\src\kernel\timetester.cpp(30): warning C4018: '<': signed/unsigned mismatch
  TerrainManager.cpp
c:\code\engine\open_gl\project2\src\manager\terrainmanager.h(67): warning C4018: '<': signed/unsigned mismatch
c:\code\engine\open_gl\project2\src\manager\terrainmanager.cpp(15): warning C4244: '=': conversion from 'int' to 'float', possible loss of data
c:\code\engine\open_gl\project2\src\manager\terrainmanager.cpp(24): warning C4244: 'argument': conversion from 'int' to 'const float', possible loss of data
c:\code\engine\open_gl\project2\src\manager\terrainmanager.cpp(73): warning C4244: 'argument': conversion from 'float' to 'const int', possible loss of data
c:\code\engine\open_gl\project2\src\manager\terrainmanager.cpp(109): warning C4244: 'initializing': conversion from 'float' to 'int', possible loss of data
c:\code\engine\open_gl\project2\src\manager\terrainmanager.cpp(110): warning C4244: 'initializing': conversion from 'float' to 'int', possible loss of data
c:\code\engine\open_gl\project2\src\manager\terrainmanager.cpp(116): warning C4244: 'argument': conversion from 'int' to 'const float', possible loss of data
c:\code\engine\open_gl\project2\src\manager\terrainmanager.cpp(120): warning C4244: 'argument': conversion from 'float' to 'const int', possible loss of data
c:\code\engine\open_gl\project2\src\manager\terrainmanager.cpp(126): warning C4244: 'initializing': conversion from 'float' to 'int', possible loss of data
c:\code\engine\open_gl\project2\src\manager\terrainmanager.cpp(127): warning C4244: 'initializing': conversion from 'float' to 'int', possible loss of data
c:\code\engine\open_gl\project2\src\manager\terrainmanager.cpp(132): warning C4244: 'argument': conversion from 'int' to 'const float', possible loss of data
c:\code\engine\open_gl\project2\src\manager\terrainmanager.cpp(138): warning C4244: 'argument': conversion from 'float' to 'const int', possible loss of data
  Chunk.cpp
c:\code\engine\open_gl\project2\src\manager\terrainmanager.h(67): warning C4018: '<': signed/unsigned mismatch
c:\code\engine\open_gl\project2\src\terrain\chunk.cpp(8): warning C4244: '=': conversion from 'int' to 'float', possible loss of data
c:\code\engine\open_gl\project2\src\terrain\chunk.cpp(9): warning C4244: '=': conversion from 'int' to 'float', possible loss of data
c:\code\engine\open_gl\project2\src\terrain\chunk.cpp(150): warning C4244: 'initializing': conversion from 'float' to 'int', possible loss of data
c:\code\engine\open_gl\project2\src\terrain\chunk.cpp(151): warning C4244: 'initializing': conversion from 'float' to 'int', possible loss of data
Release\TimeTester.obj : warning LNK4042: object specified more than once; extras ignored
LINK : warning LNK4098: defaultlib 'LIBCMT' conflicts with use of other libs; use /NODEFAULTLIB:library
  Generating code
  3 of 2766 functions ( 0.1%) were compiled, the rest were copied from previous compilation.
    0 functions were new in current compilation
    4 functions had inline decision re-evaluated but remain unchanged
  Finished generating code
glew32s.lib(glew.obj) : warning LNK4099: PDB 'vc120.pdb' was not found with 'glew32s.lib(glew.obj)' or at 'C:\code\engine\open_gl\Release\vc120.pdb'; linking object as if no debug info
  Project2.vcxproj -> C:\code\engine\open_gl\Release\Project2.exe
