c:\code\engine\open_gl\debug\vc141.pdb
c:\code\engine\open_gl\debug\vc141.idb
c:\code\engine\open_gl\project2\debug\imgui.obj
c:\code\engine\open_gl\project2\debug\glm.obj
c:\code\engine\open_gl\project2\debug\chunk.obj
c:\code\engine\open_gl\project2\debug\terrainshader.obj
c:\code\engine\open_gl\project2\debug\shaderprogram.obj
c:\code\engine\open_gl\project2\debug\baseprogram.obj
c:\code\engine\open_gl\project2\debug\terrainmanager.obj
c:\code\engine\open_gl\project2\debug\entitymanager.obj
c:\code\engine\open_gl\project2\debug\window.obj
c:\code\engine\open_gl\project2\debug\source.obj
c:\code\engine\open_gl\project2\debug\renderer.obj
c:\code\engine\open_gl\project2\debug\camera.obj
c:\code\engine\open_gl\project2\debug\widgets.obj
c:\code\engine\open_gl\project2\debug\utils.obj
c:\code\engine\open_gl\project2\debug\guirenderer.obj
c:\code\engine\open_gl\project2\debug\texturecache.obj
c:\code\engine\open_gl\project2\debug\terrainmesh.obj
c:\code\engine\open_gl\project2\debug\model.obj
c:\code\engine\open_gl\project2\debug\mesh.obj
c:\code\engine\open_gl\project2\debug\stb.obj
c:\code\engine\open_gl\project2\debug\imgui_widgets.obj
c:\code\engine\open_gl\project2\debug\imgui_impl_opengl3.obj
c:\code\engine\open_gl\project2\debug\imgui_impl_glfw.obj
c:\code\engine\open_gl\project2\debug\imgui_draw.obj
c:\code\engine\open_gl\project2\debug\imgui_demo.obj
c:\code\engine\open_gl\project2\debug\project2.tlog\cl.command.1.tlog
c:\code\engine\open_gl\project2\debug\project2.tlog\cl.read.1.tlog
c:\code\engine\open_gl\project2\debug\project2.tlog\cl.write.1.tlog
